<?xml version="1.0" encoding="UTF-8"?>
<testng-results skipped="0" failed="0" ignored="0" total="1" passed="1">
  <reporter-output>
  </reporter-output>
  <suite name="Default suite" duration-ms="3072" started-at="2022-06-12T14:50:27Z" finished-at="2022-06-12T14:50:30Z">
    <groups>
    </groups>
    <test name="Default test" duration-ms="3072" started-at="2022-06-12T14:50:27Z" finished-at="2022-06-12T14:50:30Z">
      <class name="com.api.RestAssuredNew.Test.TestGETPerson">
        <test-method status="PASS" signature="init()[pri:0, instance:com.api.RestAssuredNew.Test.TestGETPerson@5e4c8041]" name="init" is-config="true" duration-ms="883" started-at="2022-06-12T20:20:27Z" finished-at="2022-06-12T20:20:28Z">
          <reporter-output>
          </reporter-output>
        </test-method> <!-- init -->
        <test-method status="PASS" signature="testGetAllPersons()[pri:0, instance:com.api.RestAssuredNew.Test.TestGETPerson@5e4c8041]" name="testGetAllPersons" duration-ms="2070" started-at="2022-06-12T20:20:28Z" finished-at="2022-06-12T20:20:30Z">
          <reporter-output>
          </reporter-output>
        </test-method> <!-- testGetAllPersons -->
      </class> <!-- com.api.RestAssuredNew.Test.TestGETPerson -->
    </test> <!-- Default test -->
  </suite> <!-- Default suite -->
</testng-results>
