<?xml version="1.0" encoding="UTF-8"?>
<testng-results skipped="0" failed="0" ignored="0" total="1" passed="1">
  <reporter-output>
  </reporter-output>
  <suite name="Default suite" duration-ms="3219" started-at="2022-05-06T12:27:55Z" finished-at="2022-05-06T12:27:58Z">
    <groups>
    </groups>
    <test name="Default test" duration-ms="3219" started-at="2022-05-06T12:27:55Z" finished-at="2022-05-06T12:27:58Z">
      <class name="com.api.RestAssuredNew.CRUD.CreateUser">
        <test-method status="PASS" signature="get_Req()[pri:0, instance:com.api.RestAssuredNew.CRUD.CreateUser@53ca01a2]" name="get_Req" duration-ms="3151" started-at="2022-05-06T17:57:55Z" finished-at="2022-05-06T17:57:58Z">
          <reporter-output>
          </reporter-output>
        </test-method> <!-- get_Req -->
      </class> <!-- com.api.RestAssuredNew.CRUD.CreateUser -->
    </test> <!-- Default test -->
  </suite> <!-- Default suite -->
</testng-results>
